2025-04-13T06:05:50.268+02:00  INFO 10380 --- [ShopmeBackend] [SpringApplicationShutdownHook] j.LocalContainerEntityManagerFactoryBean : Closing JPA EntityManagerFactory for persistence unit 'default'
2025-04-13T06:05:51.063+02:00  INFO 10380 --- [ShopmeBackend] [SpringApplicationShutdownHook] com.zaxxer.hikari.HikariDataSource       : HikariPool-1 - Shutdown initiated...
2025-04-13T06:05:51.880+02:00  INFO 10380 --- [ShopmeBackend] [SpringApplicationShutdownHook] com.zaxxer.hikari.HikariDataSource       : HikariPool-1 - Shutdown completed.
2025-04-13T06:06:18.336+02:00  INFO 4560 --- [ShopmeBackend] [restartedMain] c.shopme.admin.ShopmeBackendApplication  : Starting ShopmeBackendApplication using Java 22.0.1 with PID 4560 (D:\MyData\myWork\Spring\Udemy – Spring Boot E-Commerce Ultimate Course\Code\ShopmeProject\ShopmeWebParent\ShopmeBackend\target\classes started by MustafaZ in D:\MyData\myWork\Spring\Udemy – Spring Boot E-Commerce Ultimate Course\Code\ShopmeProject\ShopmeWebParent\ShopmeBackend)
2025-04-13T06:06:18.341+02:00  INFO 4560 --- [ShopmeBackend] [restartedMain] c.shopme.admin.ShopmeBackendApplication  : No active profile set, falling back to 1 default profile: "default"
2025-04-13T06:06:18.541+02:00  INFO 4560 --- [ShopmeBackend] [restartedMain] .e.DevToolsPropertyDefaultsPostProcessor : Devtools property defaults active! Set 'spring.devtools.add-properties' to 'false' to disable
2025-04-13T06:06:18.542+02:00  INFO 4560 --- [ShopmeBackend] [restartedMain] .e.DevToolsPropertyDefaultsPostProcessor : For additional web related logging consider setting the 'logging.level.web' property to 'DEBUG'
2025-04-13T06:06:21.214+02:00  INFO 4560 --- [ShopmeBackend] [restartedMain] .s.d.r.c.RepositoryConfigurationDelegate : Bootstrapping Spring Data JPA repositories in DEFAULT mode.
2025-04-13T06:06:21.506+02:00  INFO 4560 --- [ShopmeBackend] [restartedMain] .s.d.r.c.RepositoryConfigurationDelegate : Finished Spring Data repository scanning in 267 ms. Found 2 JPA repository interfaces.
2025-04-13T06:06:23.581+02:00  INFO 4560 --- [ShopmeBackend] [restartedMain] o.s.b.w.embedded.tomcat.TomcatWebServer  : Tomcat initialized with port 8080 (http)
2025-04-13T06:06:23.619+02:00  INFO 4560 --- [ShopmeBackend] [restartedMain] o.apache.catalina.core.StandardService   : Starting service [Tomcat]
2025-04-13T06:06:23.620+02:00  INFO 4560 --- [ShopmeBackend] [restartedMain] o.apache.catalina.core.StandardEngine    : Starting Servlet engine: [Apache Tomcat/10.1.30]
2025-04-13T06:06:23.785+02:00  INFO 4560 --- [ShopmeBackend] [restartedMain] o.a.c.c.C.[.[localhost].[/ShopmeAdmin]   : Initializing Spring embedded WebApplicationContext
2025-04-13T06:06:23.786+02:00  INFO 4560 --- [ShopmeBackend] [restartedMain] w.s.c.ServletWebServerApplicationContext : Root WebApplicationContext: initialization completed in 5242 ms
2025-04-13T06:06:23.934+02:00  INFO 4560 --- [ShopmeBackend] [restartedMain] com.zaxxer.hikari.HikariDataSource       : HikariPool-1 - Starting...
2025-04-13T06:06:25.053+02:00  INFO 4560 --- [ShopmeBackend] [restartedMain] com.zaxxer.hikari.pool.HikariPool        : HikariPool-1 - Added connection com.mysql.cj.jdbc.ConnectionImpl@a811430
2025-04-13T06:06:25.060+02:00  INFO 4560 --- [ShopmeBackend] [restartedMain] com.zaxxer.hikari.HikariDataSource       : HikariPool-1 - Start completed.
2025-04-13T06:06:25.082+02:00  INFO 4560 --- [ShopmeBackend] [restartedMain] o.s.b.a.h2.H2ConsoleAutoConfiguration    : H2 console available at '/h2-console'. Database available at 'jdbc:mysql://localhost:3306/shopme'
2025-04-13T06:06:25.823+02:00  INFO 4560 --- [ShopmeBackend] [restartedMain] o.hibernate.jpa.internal.util.LogHelper  : HHH000204: Processing PersistenceUnitInfo [name: default]
2025-04-13T06:06:26.114+02:00  INFO 4560 --- [ShopmeBackend] [restartedMain] org.hibernate.Version                    : HHH000412: Hibernate ORM core version 6.5.3.Final
2025-04-13T06:06:26.226+02:00  INFO 4560 --- [ShopmeBackend] [restartedMain] o.h.c.internal.RegionFactoryInitiator    : HHH000026: Second-level cache disabled
2025-04-13T06:06:27.191+02:00  INFO 4560 --- [ShopmeBackend] [restartedMain] o.s.o.j.p.SpringPersistenceUnitInfo      : No LoadTimeWeaver setup: ignoring JPA class transformer
2025-04-13T06:06:30.104+02:00  INFO 4560 --- [ShopmeBackend] [restartedMain] o.h.e.t.j.p.i.JtaPlatformInitiator       : HHH000489: No JTA platform available (set 'hibernate.transaction.jta.platform' to enable JTA platform integration)
2025-04-13T06:06:30.619+02:00  INFO 4560 --- [ShopmeBackend] [restartedMain] j.LocalContainerEntityManagerFactoryBean : Initialized JPA EntityManagerFactory for persistence unit 'default'
2025-04-13T06:06:31.346+02:00  INFO 4560 --- [ShopmeBackend] [restartedMain] o.s.d.j.r.query.QueryEnhancerFactory     : Hibernate is in classpath; If applicable, HQL parser will be used.
2025-04-13T06:06:33.127+02:00  WARN 4560 --- [ShopmeBackend] [restartedMain] JpaBaseConfiguration$JpaWebConfiguration : spring.jpa.open-in-view is enabled by default. Therefore, database queries may be performed during view rendering. Explicitly configure spring.jpa.open-in-view to disable this warning
2025-04-13T06:06:33.190+02:00  INFO 4560 --- [ShopmeBackend] [restartedMain] eAuthenticationProviderManagerConfigurer : Global AuthenticationManager configured with AuthenticationProvider bean with name authenticationProvider
2025-04-13T06:06:33.192+02:00  WARN 4560 --- [ShopmeBackend] [restartedMain] r$InitializeUserDetailsManagerConfigurer : Global AuthenticationManager configured with an AuthenticationProvider bean. UserDetailsService beans will not be used for username/password login. Consider removing the AuthenticationProvider bean. Alternatively, consider using the UserDetailsService in a manually instantiated DaoAuthenticationProvider.
2025-04-13T06:06:33.390+02:00  INFO 4560 --- [ShopmeBackend] [restartedMain] o.s.b.a.w.s.WelcomePageHandlerMapping    : Adding welcome page template: index
2025-04-13T06:06:34.921+02:00  INFO 4560 --- [ShopmeBackend] [restartedMain] o.s.b.d.a.OptionalLiveReloadServer       : LiveReload server is running on port 35729
2025-04-13T06:06:35.002+02:00  INFO 4560 --- [ShopmeBackend] [restartedMain] o.s.b.w.embedded.tomcat.TomcatWebServer  : Tomcat started on port 8080 (http) with context path '/ShopmeAdmin'
2025-04-13T06:06:35.015+02:00  INFO 4560 --- [ShopmeBackend] [restartedMain] c.shopme.admin.ShopmeBackendApplication  : Started ShopmeBackendApplication in 18.042 seconds (process running for 20.584)
2025-04-13T06:07:44.295+02:00  INFO 4560 --- [ShopmeBackend] [SpringApplicationShutdownHook] j.LocalContainerEntityManagerFactoryBean : Closing JPA EntityManagerFactory for persistence unit 'default'
2025-04-13T06:07:44.325+02:00  INFO 4560 --- [ShopmeBackend] [SpringApplicationShutdownHook] com.zaxxer.hikari.HikariDataSource       : HikariPool-1 - Shutdown initiated...
2025-04-13T06:07:44.370+02:00  INFO 4560 --- [ShopmeBackend] [SpringApplicationShutdownHook] com.zaxxer.hikari.HikariDataSource       : HikariPool-1 - Shutdown completed.
2025-04-13T06:07:53.152+02:00  INFO 2116 --- [ShopmeBackend] [restartedMain] c.shopme.admin.ShopmeBackendApplication  : Starting ShopmeBackendApplication using Java 22.0.1 with PID 2116 (D:\MyData\myWork\Spring\Udemy – Spring Boot E-Commerce Ultimate Course\Code\ShopmeProject\ShopmeWebParent\ShopmeBackend\target\classes started by MustafaZ in D:\MyData\myWork\Spring\Udemy – Spring Boot E-Commerce Ultimate Course\Code\ShopmeProject\ShopmeWebParent\ShopmeBackend)
2025-04-13T06:07:53.160+02:00  INFO 2116 --- [ShopmeBackend] [restartedMain] c.shopme.admin.ShopmeBackendApplication  : No active profile set, falling back to 1 default profile: "default"
2025-04-13T06:07:53.349+02:00  INFO 2116 --- [ShopmeBackend] [restartedMain] .e.DevToolsPropertyDefaultsPostProcessor : Devtools property defaults active! Set 'spring.devtools.add-properties' to 'false' to disable
2025-04-13T06:07:53.351+02:00  INFO 2116 --- [ShopmeBackend] [restartedMain] .e.DevToolsPropertyDefaultsPostProcessor : For additional web related logging consider setting the 'logging.level.web' property to 'DEBUG'
2025-04-13T06:07:55.887+02:00  INFO 2116 --- [ShopmeBackend] [restartedMain] .s.d.r.c.RepositoryConfigurationDelegate : Bootstrapping Spring Data JPA repositories in DEFAULT mode.
2025-04-13T06:07:56.074+02:00  INFO 2116 --- [ShopmeBackend] [restartedMain] .s.d.r.c.RepositoryConfigurationDelegate : Finished Spring Data repository scanning in 163 ms. Found 2 JPA repository interfaces.
2025-04-13T06:07:57.772+02:00  INFO 2116 --- [ShopmeBackend] [restartedMain] o.s.b.w.embedded.tomcat.TomcatWebServer  : Tomcat initialized with port 8080 (http)
2025-04-13T06:07:57.802+02:00  INFO 2116 --- [ShopmeBackend] [restartedMain] o.apache.catalina.core.StandardService   : Starting service [Tomcat]
2025-04-13T06:07:57.803+02:00  INFO 2116 --- [ShopmeBackend] [restartedMain] o.apache.catalina.core.StandardEngine    : Starting Servlet engine: [Apache Tomcat/10.1.30]
2025-04-13T06:07:57.925+02:00  INFO 2116 --- [ShopmeBackend] [restartedMain] o.a.c.c.C.[.[localhost].[/ShopmeAdmin]   : Initializing Spring embedded WebApplicationContext
2025-04-13T06:07:57.926+02:00  INFO 2116 --- [ShopmeBackend] [restartedMain] w.s.c.ServletWebServerApplicationContext : Root WebApplicationContext: initialization completed in 4570 ms
2025-04-13T06:07:58.004+02:00  INFO 2116 --- [ShopmeBackend] [restartedMain] com.zaxxer.hikari.HikariDataSource       : HikariPool-1 - Starting...
2025-04-13T06:07:59.144+02:00  INFO 2116 --- [ShopmeBackend] [restartedMain] com.zaxxer.hikari.pool.HikariPool        : HikariPool-1 - Added connection com.mysql.cj.jdbc.ConnectionImpl@6f9165d
2025-04-13T06:07:59.149+02:00  INFO 2116 --- [ShopmeBackend] [restartedMain] com.zaxxer.hikari.HikariDataSource       : HikariPool-1 - Start completed.
2025-04-13T06:07:59.167+02:00  INFO 2116 --- [ShopmeBackend] [restartedMain] o.s.b.a.h2.H2ConsoleAutoConfiguration    : H2 console available at '/h2-console'. Database available at 'jdbc:mysql://localhost:3306/shopme'
2025-04-13T06:07:59.578+02:00  INFO 2116 --- [ShopmeBackend] [restartedMain] o.hibernate.jpa.internal.util.LogHelper  : HHH000204: Processing PersistenceUnitInfo [name: default]
2025-04-13T06:07:59.852+02:00  INFO 2116 --- [ShopmeBackend] [restartedMain] org.hibernate.Version                    : HHH000412: Hibernate ORM core version 6.5.3.Final
2025-04-13T06:07:59.963+02:00  INFO 2116 --- [ShopmeBackend] [restartedMain] o.h.c.internal.RegionFactoryInitiator    : HHH000026: Second-level cache disabled
2025-04-13T06:08:00.952+02:00  INFO 2116 --- [ShopmeBackend] [restartedMain] o.s.o.j.p.SpringPersistenceUnitInfo      : No LoadTimeWeaver setup: ignoring JPA class transformer
2025-04-10T06:08:20.535+02:00  INFO 2116 --- [ShopmeBackend] [restartedMain] o.h.e.t.j.p.i.JtaPlatformInitiator       : HHH000489: No JTA platform available (set 'hibernate.transaction.jta.platform' to enable JTA platform integration)
2025-04-10T06:08:20.844+02:00  INFO 2116 --- [ShopmeBackend] [restartedMain] j.LocalContainerEntityManagerFactoryBean : Initialized JPA EntityManagerFactory for persistence unit 'default'
2025-04-10T06:08:21.549+02:00  INFO 2116 --- [ShopmeBackend] [restartedMain] o.s.d.j.r.query.QueryEnhancerFactory     : Hibernate is in classpath; If applicable, HQL parser will be used.
2025-04-10T06:08:23.464+02:00  WARN 2116 --- [ShopmeBackend] [restartedMain] JpaBaseConfiguration$JpaWebConfiguration : spring.jpa.open-in-view is enabled by default. Therefore, database queries may be performed during view rendering. Explicitly configure spring.jpa.open-in-view to disable this warning
2025-04-10T06:08:23.536+02:00  INFO 2116 --- [ShopmeBackend] [restartedMain] eAuthenticationProviderManagerConfigurer : Global AuthenticationManager configured with AuthenticationProvider bean with name authenticationProvider
2025-04-10T06:08:23.538+02:00  WARN 2116 --- [ShopmeBackend] [restartedMain] r$InitializeUserDetailsManagerConfigurer : Global AuthenticationManager configured with an AuthenticationProvider bean. UserDetailsService beans will not be used for username/password login. Consider removing the AuthenticationProvider bean. Alternatively, consider using the UserDetailsService in a manually instantiated DaoAuthenticationProvider.
2025-04-10T06:08:23.768+02:00  INFO 2116 --- [ShopmeBackend] [restartedMain] o.s.b.a.w.s.WelcomePageHandlerMapping    : Adding welcome page template: index
2025-04-10T06:08:25.788+02:00  INFO 2116 --- [ShopmeBackend] [restartedMain] o.s.b.d.a.OptionalLiveReloadServer       : LiveReload server is running on port 35729
2025-04-10T06:08:25.892+02:00  INFO 2116 --- [ShopmeBackend] [restartedMain] o.s.b.w.embedded.tomcat.TomcatWebServer  : Tomcat started on port 8080 (http) with context path '/ShopmeAdmin'
2025-04-10T06:08:25.915+02:00  INFO 2116 --- [ShopmeBackend] [restartedMain] c.shopme.admin.ShopmeBackendApplication  : Started ShopmeBackendApplication in -259165.899 seconds (process running for 20.271)
2025-04-10T06:14:38.970+02:00  INFO 2116 --- [ShopmeBackend] [SpringApplicationShutdownHook] j.LocalContainerEntityManagerFactoryBean : Closing JPA EntityManagerFactory for persistence unit 'default'
2025-04-10T06:14:39.442+02:00  INFO 2116 --- [ShopmeBackend] [SpringApplicationShutdownHook] com.zaxxer.hikari.HikariDataSource       : HikariPool-1 - Shutdown initiated...
2025-04-10T06:14:39.763+02:00  INFO 2116 --- [ShopmeBackend] [SpringApplicationShutdownHook] com.zaxxer.hikari.HikariDataSource       : HikariPool-1 - Shutdown completed.
2025-04-10T07:02:28.128+02:00  INFO 9576 --- [ShopmeBackend] [restartedMain] c.shopme.admin.ShopmeBackendApplication  : Starting ShopmeBackendApplication using Java 22.0.1 with PID 9576 (D:\MyData\myWork\Spring\Udemy – Spring Boot E-Commerce Ultimate Course\Code\ShopmeProject\ShopmeWebParent\ShopmeBackend\target\classes started by MustafaZ in D:\MyData\myWork\Spring\Udemy – Spring Boot E-Commerce Ultimate Course\Code\ShopmeProject\ShopmeWebParent\ShopmeBackend)
2025-04-10T07:02:28.151+02:00  INFO 9576 --- [ShopmeBackend] [restartedMain] c.shopme.admin.ShopmeBackendApplication  : No active profile set, falling back to 1 default profile: "default"
2025-04-10T07:02:28.272+02:00  INFO 9576 --- [ShopmeBackend] [restartedMain] .e.DevToolsPropertyDefaultsPostProcessor : Devtools property defaults active! Set 'spring.devtools.add-properties' to 'false' to disable
2025-04-10T07:02:28.272+02:00  INFO 9576 --- [ShopmeBackend] [restartedMain] .e.DevToolsPropertyDefaultsPostProcessor : For additional web related logging consider setting the 'logging.level.web' property to 'DEBUG'
2025-04-10T07:02:31.603+02:00  INFO 9576 --- [ShopmeBackend] [restartedMain] .s.d.r.c.RepositoryConfigurationDelegate : Bootstrapping Spring Data JPA repositories in DEFAULT mode.
2025-04-10T07:02:31.772+02:00  INFO 9576 --- [ShopmeBackend] [restartedMain] .s.d.r.c.RepositoryConfigurationDelegate : Finished Spring Data repository scanning in 151 ms. Found 2 JPA repository interfaces.
2025-04-10T07:02:33.367+02:00  INFO 9576 --- [ShopmeBackend] [restartedMain] o.s.b.w.embedded.tomcat.TomcatWebServer  : Tomcat initialized with port 8080 (http)
2025-04-10T07:02:33.402+02:00  INFO 9576 --- [ShopmeBackend] [restartedMain] o.apache.catalina.core.StandardService   : Starting service [Tomcat]
2025-04-10T07:02:33.403+02:00  INFO 9576 --- [ShopmeBackend] [restartedMain] o.apache.catalina.core.StandardEngine    : Starting Servlet engine: [Apache Tomcat/10.1.30]
2025-04-10T07:02:33.542+02:00  INFO 9576 --- [ShopmeBackend] [restartedMain] o.a.c.c.C.[.[localhost].[/ShopmeAdmin]   : Initializing Spring embedded WebApplicationContext
2025-04-10T07:02:33.543+02:00  INFO 9576 --- [ShopmeBackend] [restartedMain] w.s.c.ServletWebServerApplicationContext : Root WebApplicationContext: initialization completed in 5270 ms
2025-04-10T07:02:33.640+02:00  INFO 9576 --- [ShopmeBackend] [restartedMain] com.zaxxer.hikari.HikariDataSource       : HikariPool-1 - Starting...
2025-04-10T07:02:35.369+02:00  INFO 9576 --- [ShopmeBackend] [restartedMain] com.zaxxer.hikari.pool.HikariPool        : HikariPool-1 - Added connection com.mysql.cj.jdbc.ConnectionImpl@7a383dd5
2025-04-10T07:02:35.376+02:00  INFO 9576 --- [ShopmeBackend] [restartedMain] com.zaxxer.hikari.HikariDataSource       : HikariPool-1 - Start completed.
2025-04-10T07:02:35.425+02:00  INFO 9576 --- [ShopmeBackend] [restartedMain] o.s.b.a.h2.H2ConsoleAutoConfiguration    : H2 console available at '/h2-console'. Database available at 'jdbc:mysql://localhost:3306/shopme'
2025-04-10T07:02:36.140+02:00  INFO 9576 --- [ShopmeBackend] [restartedMain] o.hibernate.jpa.internal.util.LogHelper  : HHH000204: Processing PersistenceUnitInfo [name: default]
2025-04-10T07:02:36.555+02:00  INFO 9576 --- [ShopmeBackend] [restartedMain] org.hibernate.Version                    : HHH000412: Hibernate ORM core version 6.5.3.Final
2025-04-10T07:02:36.680+02:00  INFO 9576 --- [ShopmeBackend] [restartedMain] o.h.c.internal.RegionFactoryInitiator    : HHH000026: Second-level cache disabled
2025-04-10T07:02:38.832+02:00  INFO 9576 --- [ShopmeBackend] [restartedMain] o.s.o.j.p.SpringPersistenceUnitInfo      : No LoadTimeWeaver setup: ignoring JPA class transformer
2025-04-10T07:02:45.983+02:00  INFO 9576 --- [ShopmeBackend] [restartedMain] o.h.e.t.j.p.i.JtaPlatformInitiator       : HHH000489: No JTA platform available (set 'hibernate.transaction.jta.platform' to enable JTA platform integration)
2025-04-10T07:02:46.412+02:00  INFO 9576 --- [ShopmeBackend] [restartedMain] j.LocalContainerEntityManagerFactoryBean : Initialized JPA EntityManagerFactory for persistence unit 'default'
2025-04-10T07:02:47.467+02:00  INFO 9576 --- [ShopmeBackend] [restartedMain] o.s.d.j.r.query.QueryEnhancerFactory     : Hibernate is in classpath; If applicable, HQL parser will be used.
2025-04-10T07:02:49.807+02:00  WARN 9576 --- [ShopmeBackend] [restartedMain] JpaBaseConfiguration$JpaWebConfiguration : spring.jpa.open-in-view is enabled by default. Therefore, database queries may be performed during view rendering. Explicitly configure spring.jpa.open-in-view to disable this warning
2025-04-10T07:02:49.909+02:00  INFO 9576 --- [ShopmeBackend] [restartedMain] eAuthenticationProviderManagerConfigurer : Global AuthenticationManager configured with AuthenticationProvider bean with name authenticationProvider
2025-04-10T07:02:49.913+02:00  WARN 9576 --- [ShopmeBackend] [restartedMain] r$InitializeUserDetailsManagerConfigurer : Global AuthenticationManager configured with an AuthenticationProvider bean. UserDetailsService beans will not be used for username/password login. Consider removing the AuthenticationProvider bean. Alternatively, consider using the UserDetailsService in a manually instantiated DaoAuthenticationProvider.
2025-04-10T07:02:50.286+02:00  INFO 9576 --- [ShopmeBackend] [restartedMain] o.s.b.a.w.s.WelcomePageHandlerMapping    : Adding welcome page template: index
2025-04-10T07:02:54.036+02:00  INFO 9576 --- [ShopmeBackend] [restartedMain] o.s.b.d.a.OptionalLiveReloadServer       : LiveReload server is running on port 35729
2025-04-10T07:02:54.187+02:00  INFO 9576 --- [ShopmeBackend] [restartedMain] o.s.b.w.embedded.tomcat.TomcatWebServer  : Tomcat started on port 8080 (http) with context path '/ShopmeAdmin'
2025-04-10T07:02:54.221+02:00  INFO 9576 --- [ShopmeBackend] [restartedMain] c.shopme.admin.ShopmeBackendApplication  : Started ShopmeBackendApplication in 27.225 seconds (process running for 29.489)
2025-04-10T07:03:35.181+02:00  INFO 9576 --- [ShopmeBackend] [http-nio-8080-exec-2] o.a.c.c.C.[.[localhost].[/ShopmeAdmin]   : Initializing Spring DispatcherServlet 'dispatcherServlet'
2025-04-10T07:03:35.181+02:00  INFO 9576 --- [ShopmeBackend] [http-nio-8080-exec-2] o.s.web.servlet.DispatcherServlet        : Initializing Servlet 'dispatcherServlet'
2025-04-10T07:03:35.183+02:00  INFO 9576 --- [ShopmeBackend] [http-nio-8080-exec-2] o.s.web.servlet.DispatcherServlet        : Completed initialization in 2 ms
2025-04-10T07:03:35.449+02:00  WARN 9576 --- [ShopmeBackend] [http-nio-8080-exec-2] o.a.c.util.SessionIdGeneratorBase        : Creation of SecureRandom instance for session ID generation using [SHA1PRNG] took [220] milliseconds.
2025-04-10T07:04:47.355+02:00  INFO 9576 --- [ShopmeBackend] [http-nio-8080-exec-7] com.shopme.admin.utility.FileUploadUtil    : Deleted 5 files
2025-04-10T07:05:54.824+02:00  INFO 9576 --- [ShopmeBackend] [File Watcher] rtingClassPathChangeChangedEventListener : Restarting due to 2 class path changes (0 additions, 2 deletions, 0 modifications)
2025-04-10T07:05:56.224+02:00  INFO 9576 --- [ShopmeBackend] [Thread-5] j.LocalContainerEntityManagerFactoryBean : Closing JPA EntityManagerFactory for persistence unit 'default'
2025-04-10T07:05:58.465+02:00  INFO 9576 --- [ShopmeBackend] [Thread-5] com.zaxxer.hikari.HikariDataSource       : HikariPool-1 - Shutdown initiated...
2025-04-10T07:05:59.971+02:00  INFO 9576 --- [ShopmeBackend] [Thread-5] com.zaxxer.hikari.HikariDataSource       : HikariPool-1 - Shutdown completed.
2025-04-10T07:06:04.055+02:00  INFO 9576 --- [ShopmeBackend] [restartedMain] c.shopme.admin.ShopmeBackendApplication  : Starting ShopmeBackendApplication using Java 22.0.1 with PID 9576 (D:\MyData\myWork\Spring\Udemy – Spring Boot E-Commerce Ultimate Course\Code\ShopmeProject\ShopmeWebParent\ShopmeBackend\target\classes started by MustafaZ in D:\MyData\myWork\Spring\Udemy – Spring Boot E-Commerce Ultimate Course\Code\ShopmeProject\ShopmeWebParent\ShopmeBackend)
2025-04-10T07:06:04.055+02:00  INFO 9576 --- [ShopmeBackend] [restartedMain] c.shopme.admin.ShopmeBackendApplication  : No active profile set, falling back to 1 default profile: "default"
2025-04-10T07:06:05.718+02:00  INFO 9576 --- [ShopmeBackend] [restartedMain] .s.d.r.c.RepositoryConfigurationDelegate : Bootstrapping Spring Data JPA repositories in DEFAULT mode.
2025-04-10T07:06:05.840+02:00  INFO 9576 --- [ShopmeBackend] [restartedMain] .s.d.r.c.RepositoryConfigurationDelegate : Finished Spring Data repository scanning in 120 ms. Found 2 JPA repository interfaces.
2025-04-10T07:06:06.916+02:00  INFO 9576 --- [ShopmeBackend] [restartedMain] o.s.b.w.embedded.tomcat.TomcatWebServer  : Tomcat initialized with port 8080 (http)
2025-04-10T07:06:06.924+02:00  INFO 9576 --- [ShopmeBackend] [restartedMain] o.apache.catalina.core.StandardService   : Starting service [Tomcat]
2025-04-10T07:06:06.925+02:00  INFO 9576 --- [ShopmeBackend] [restartedMain] o.apache.catalina.core.StandardEngine    : Starting Servlet engine: [Apache Tomcat/10.1.30]
2025-04-10T07:06:07.065+02:00  INFO 9576 --- [ShopmeBackend] [restartedMain] o.a.c.c.C.[.[localhost].[/ShopmeAdmin]   : Initializing Spring embedded WebApplicationContext
2025-04-10T07:06:07.065+02:00  INFO 9576 --- [ShopmeBackend] [restartedMain] w.s.c.ServletWebServerApplicationContext : Root WebApplicationContext: initialization completed in 2966 ms
2025-04-10T07:06:07.144+02:00  INFO 9576 --- [ShopmeBackend] [restartedMain] com.zaxxer.hikari.HikariDataSource       : HikariPool-2 - Starting...
2025-04-10T07:06:07.845+02:00  INFO 9576 --- [ShopmeBackend] [restartedMain] com.zaxxer.hikari.pool.HikariPool        : HikariPool-2 - Added connection com.mysql.cj.jdbc.ConnectionImpl@47569023
2025-04-10T07:06:07.846+02:00  INFO 9576 --- [ShopmeBackend] [restartedMain] com.zaxxer.hikari.HikariDataSource       : HikariPool-2 - Start completed.
2025-04-10T07:06:07.848+02:00  INFO 9576 --- [ShopmeBackend] [restartedMain] o.s.b.a.h2.H2ConsoleAutoConfiguration    : H2 console available at '/h2-console'. Database available at 'jdbc:mysql://localhost:3306/shopme'
2025-04-10T07:06:09.001+02:00  WARN 9576 --- [ShopmeBackend] [restartedMain] o.a.c.c.C.[.[localhost].[/ShopmeAdmin]   : Cannot deserialize session attribute [SPRING_SECURITY_CONTEXT] for session [7EB89C8B72BC98158460089082089A2D]
2025-04-10T07:06:09.334+02:00  INFO 9576 --- [ShopmeBackend] [restartedMain] o.hibernate.jpa.internal.util.LogHelper  : HHH000204: Processing PersistenceUnitInfo [name: default]
2025-04-10T07:06:09.352+02:00  INFO 9576 --- [ShopmeBackend] [restartedMain] o.h.c.internal.RegionFactoryInitiator    : HHH000026: Second-level cache disabled
2025-04-10T07:06:09.481+02:00  INFO 9576 --- [ShopmeBackend] [restartedMain] o.s.o.j.p.SpringPersistenceUnitInfo      : No LoadTimeWeaver setup: ignoring JPA class transformer
2025-04-10T07:06:10.116+02:00  INFO 9576 --- [ShopmeBackend] [restartedMain] o.h.e.t.j.p.i.JtaPlatformInitiator       : HHH000489: No JTA platform available (set 'hibernate.transaction.jta.platform' to enable JTA platform integration)
2025-04-10T07:06:10.421+02:00  INFO 9576 --- [ShopmeBackend] [restartedMain] j.LocalContainerEntityManagerFactoryBean : Initialized JPA EntityManagerFactory for persistence unit 'default'
2025-04-10T07:06:10.781+02:00  WARN 9576 --- [ShopmeBackend] [restartedMain] JpaBaseConfiguration$JpaWebConfiguration : spring.jpa.open-in-view is enabled by default. Therefore, database queries may be performed during view rendering. Explicitly configure spring.jpa.open-in-view to disable this warning
2025-04-10T07:06:10.816+02:00  INFO 9576 --- [ShopmeBackend] [restartedMain] eAuthenticationProviderManagerConfigurer : Global AuthenticationManager configured with AuthenticationProvider bean with name authenticationProvider
2025-04-10T07:06:10.817+02:00  WARN 9576 --- [ShopmeBackend] [restartedMain] r$InitializeUserDetailsManagerConfigurer : Global AuthenticationManager configured with an AuthenticationProvider bean. UserDetailsService beans will not be used for username/password login. Consider removing the AuthenticationProvider bean. Alternatively, consider using the UserDetailsService in a manually instantiated DaoAuthenticationProvider.
2025-04-10T07:06:10.890+02:00  INFO 9576 --- [ShopmeBackend] [restartedMain] o.s.b.a.w.s.WelcomePageHandlerMapping    : Adding welcome page template: index
2025-04-10T07:06:13.919+02:00  INFO 9576 --- [ShopmeBackend] [restartedMain] o.s.b.d.a.OptionalLiveReloadServer       : LiveReload server is running on port 35729
2025-04-10T07:06:14.007+02:00  INFO 9576 --- [ShopmeBackend] [restartedMain] o.s.b.w.embedded.tomcat.TomcatWebServer  : Tomcat started on port 8080 (http) with context path '/ShopmeAdmin'
2025-04-10T07:06:14.026+02:00  INFO 9576 --- [ShopmeBackend] [restartedMain] c.shopme.admin.ShopmeBackendApplication  : Started ShopmeBackendApplication in 10.397 seconds (process running for 229.294)
2025-04-10T07:06:14.031+02:00  INFO 9576 --- [ShopmeBackend] [restartedMain] .ConditionEvaluationDeltaLoggingListener : Condition evaluation unchanged
2025-04-10T07:06:15.702+02:00  INFO 9576 --- [ShopmeBackend] [File Watcher] rtingClassPathChangeChangedEventListener : Restarting due to 2 class path changes (2 additions, 0 deletions, 0 modifications)
2025-04-10T07:06:15.722+02:00  INFO 9576 --- [ShopmeBackend] [Thread-7] j.LocalContainerEntityManagerFactoryBean : Closing JPA EntityManagerFactory for persistence unit 'default'
2025-04-10T07:06:15.727+02:00  INFO 9576 --- [ShopmeBackend] [Thread-7] com.zaxxer.hikari.HikariDataSource       : HikariPool-2 - Shutdown initiated...
2025-04-10T07:06:15.742+02:00  INFO 9576 --- [ShopmeBackend] [Thread-7] com.zaxxer.hikari.HikariDataSource       : HikariPool-2 - Shutdown completed.
2025-04-10T07:06:16.016+02:00  INFO 9576 --- [ShopmeBackend] [restartedMain] c.shopme.admin.ShopmeBackendApplication  : Starting ShopmeBackendApplication using Java 22.0.1 with PID 9576 (D:\MyData\myWork\Spring\Udemy – Spring Boot E-Commerce Ultimate Course\Code\ShopmeProject\ShopmeWebParent\ShopmeBackend\target\classes started by MustafaZ in D:\MyData\myWork\Spring\Udemy – Spring Boot E-Commerce Ultimate Course\Code\ShopmeProject\ShopmeWebParent\ShopmeBackend)
2025-04-10T07:06:16.017+02:00  INFO 9576 --- [ShopmeBackend] [restartedMain] c.shopme.admin.ShopmeBackendApplication  : No active profile set, falling back to 1 default profile: "default"
2025-04-10T07:06:16.751+02:00  INFO 9576 --- [ShopmeBackend] [restartedMain] .s.d.r.c.RepositoryConfigurationDelegate : Bootstrapping Spring Data JPA repositories in DEFAULT mode.
2025-04-10T07:06:16.826+02:00  INFO 9576 --- [ShopmeBackend] [restartedMain] .s.d.r.c.RepositoryConfigurationDelegate : Finished Spring Data repository scanning in 74 ms. Found 2 JPA repository interfaces.
2025-04-10T07:06:17.423+02:00  INFO 9576 --- [ShopmeBackend] [restartedMain] o.s.b.w.embedded.tomcat.TomcatWebServer  : Tomcat initialized with port 8080 (http)
2025-04-10T07:06:17.427+02:00  INFO 9576 --- [ShopmeBackend] [restartedMain] o.apache.catalina.core.StandardService   : Starting service [Tomcat]
2025-04-10T07:06:17.430+02:00  INFO 9576 --- [ShopmeBackend] [restartedMain] o.apache.catalina.core.StandardEngine    : Starting Servlet engine: [Apache Tomcat/10.1.30]
2025-04-10T07:06:17.515+02:00  INFO 9576 --- [ShopmeBackend] [restartedMain] o.a.c.c.C.[.[localhost].[/ShopmeAdmin]   : Initializing Spring embedded WebApplicationContext
2025-04-10T07:06:17.515+02:00  INFO 9576 --- [ShopmeBackend] [restartedMain] w.s.c.ServletWebServerApplicationContext : Root WebApplicationContext: initialization completed in 1491 ms
2025-04-10T07:06:17.554+02:00  INFO 9576 --- [ShopmeBackend] [restartedMain] com.zaxxer.hikari.HikariDataSource       : HikariPool-3 - Starting...
2025-04-10T07:06:17.592+02:00  INFO 9576 --- [ShopmeBackend] [restartedMain] com.zaxxer.hikari.pool.HikariPool        : HikariPool-3 - Added connection com.mysql.cj.jdbc.ConnectionImpl@b184717
2025-04-10T07:06:17.592+02:00  INFO 9576 --- [ShopmeBackend] [restartedMain] com.zaxxer.hikari.HikariDataSource       : HikariPool-3 - Start completed.
2025-04-10T07:06:17.592+02:00  INFO 9576 --- [ShopmeBackend] [restartedMain] o.s.b.a.h2.H2ConsoleAutoConfiguration    : H2 console available at '/h2-console'. Database available at 'jdbc:mysql://localhost:3306/shopme'
2025-04-10T07:06:17.828+02:00  INFO 9576 --- [ShopmeBackend] [restartedMain] o.hibernate.jpa.internal.util.LogHelper  : HHH000204: Processing PersistenceUnitInfo [name: default]
2025-04-10T07:06:17.870+02:00  INFO 9576 --- [ShopmeBackend] [restartedMain] o.h.c.internal.RegionFactoryInitiator    : HHH000026: Second-level cache disabled
2025-04-10T07:06:17.912+02:00  INFO 9576 --- [ShopmeBackend] [restartedMain] o.s.o.j.p.SpringPersistenceUnitInfo      : No LoadTimeWeaver setup: ignoring JPA class transformer
2025-04-10T07:06:18.201+02:00  INFO 9576 --- [ShopmeBackend] [restartedMain] o.h.e.t.j.p.i.JtaPlatformInitiator       : HHH000489: No JTA platform available (set 'hibernate.transaction.jta.platform' to enable JTA platform integration)
2025-04-10T07:06:18.290+02:00  INFO 9576 --- [ShopmeBackend] [restartedMain] j.LocalContainerEntityManagerFactoryBean : Initialized JPA EntityManagerFactory for persistence unit 'default'
2025-04-10T07:06:18.541+02:00  WARN 9576 --- [ShopmeBackend] [restartedMain] JpaBaseConfiguration$JpaWebConfiguration : spring.jpa.open-in-view is enabled by default. Therefore, database queries may be performed during view rendering. Explicitly configure spring.jpa.open-in-view to disable this warning
2025-04-10T07:06:18.565+02:00  INFO 9576 --- [ShopmeBackend] [restartedMain] eAuthenticationProviderManagerConfigurer : Global AuthenticationManager configured with AuthenticationProvider bean with name authenticationProvider
2025-04-10T07:06:18.566+02:00  WARN 9576 --- [ShopmeBackend] [restartedMain] r$InitializeUserDetailsManagerConfigurer : Global AuthenticationManager configured with an AuthenticationProvider bean. UserDetailsService beans will not be used for username/password login. Consider removing the AuthenticationProvider bean. Alternatively, consider using the UserDetailsService in a manually instantiated DaoAuthenticationProvider.
2025-04-10T07:06:18.593+02:00  INFO 9576 --- [ShopmeBackend] [restartedMain] o.s.b.a.w.s.WelcomePageHandlerMapping    : Adding welcome page template: index
2025-04-10T07:06:19.686+02:00  INFO 9576 --- [ShopmeBackend] [restartedMain] o.s.b.d.a.OptionalLiveReloadServer       : LiveReload server is running on port 35729
2025-04-10T07:06:19.739+02:00  INFO 9576 --- [ShopmeBackend] [restartedMain] o.s.b.w.embedded.tomcat.TomcatWebServer  : Tomcat started on port 8080 (http) with context path '/ShopmeAdmin'
2025-04-10T07:06:19.747+02:00  INFO 9576 --- [ShopmeBackend] [restartedMain] c.shopme.admin.ShopmeBackendApplication  : Started ShopmeBackendApplication in 3.808 seconds (process running for 235.016)
2025-04-10T07:06:19.751+02:00  INFO 9576 --- [ShopmeBackend] [restartedMain] .ConditionEvaluationDeltaLoggingListener : Condition evaluation unchanged
2025-04-10T07:06:23.214+02:00  INFO 9576 --- [ShopmeBackend] [File Watcher] rtingClassPathChangeChangedEventListener : Restarting due to 1 class path change (0 additions, 0 deletions, 1 modification)
2025-04-10T07:06:23.227+02:00  INFO 9576 --- [ShopmeBackend] [Thread-11] j.LocalContainerEntityManagerFactoryBean : Closing JPA EntityManagerFactory for persistence unit 'default'
2025-04-10T07:06:23.228+02:00  INFO 9576 --- [ShopmeBackend] [Thread-11] com.zaxxer.hikari.HikariDataSource       : HikariPool-3 - Shutdown initiated...
2025-04-10T07:06:23.241+02:00  INFO 9576 --- [ShopmeBackend] [Thread-11] com.zaxxer.hikari.HikariDataSource       : HikariPool-3 - Shutdown completed.
2025-04-10T07:06:23.394+02:00  INFO 9576 --- [ShopmeBackend] [restartedMain] c.shopme.admin.ShopmeBackendApplication  : Starting ShopmeBackendApplication using Java 22.0.1 with PID 9576 (D:\MyData\myWork\Spring\Udemy – Spring Boot E-Commerce Ultimate Course\Code\ShopmeProject\ShopmeWebParent\ShopmeBackend\target\classes started by MustafaZ in D:\MyData\myWork\Spring\Udemy – Spring Boot E-Commerce Ultimate Course\Code\ShopmeProject\ShopmeWebParent\ShopmeBackend)
2025-04-10T07:06:23.395+02:00  INFO 9576 --- [ShopmeBackend] [restartedMain] c.shopme.admin.ShopmeBackendApplication  : No active profile set, falling back to 1 default profile: "default"
2025-04-10T07:06:23.970+02:00  INFO 9576 --- [ShopmeBackend] [restartedMain] .s.d.r.c.RepositoryConfigurationDelegate : Bootstrapping Spring Data JPA repositories in DEFAULT mode.
2025-04-10T07:06:23.994+02:00  INFO 9576 --- [ShopmeBackend] [restartedMain] .s.d.r.c.RepositoryConfigurationDelegate : Finished Spring Data repository scanning in 23 ms. Found 2 JPA repository interfaces.
2025-04-10T07:06:24.254+02:00  INFO 9576 --- [ShopmeBackend] [restartedMain] o.s.b.w.embedded.tomcat.TomcatWebServer  : Tomcat initialized with port 8080 (http)
2025-04-10T07:06:24.255+02:00  INFO 9576 --- [ShopmeBackend] [restartedMain] o.apache.catalina.core.StandardService   : Starting service [Tomcat]
2025-04-10T07:06:24.255+02:00  INFO 9576 --- [ShopmeBackend] [restartedMain] o.apache.catalina.core.StandardEngine    : Starting Servlet engine: [Apache Tomcat/10.1.30]
2025-04-10T07:06:24.301+02:00  INFO 9576 --- [ShopmeBackend] [restartedMain] o.a.c.c.C.[.[localhost].[/ShopmeAdmin]   : Initializing Spring embedded WebApplicationContext
2025-04-10T07:06:24.301+02:00  INFO 9576 --- [ShopmeBackend] [restartedMain] w.s.c.ServletWebServerApplicationContext : Root WebApplicationContext: initialization completed in 899 ms
2025-04-10T07:06:24.333+02:00  INFO 9576 --- [ShopmeBackend] [restartedMain] com.zaxxer.hikari.HikariDataSource       : HikariPool-4 - Starting...
2025-04-10T07:06:24.360+02:00  INFO 9576 --- [ShopmeBackend] [restartedMain] com.zaxxer.hikari.pool.HikariPool        : HikariPool-4 - Added connection com.mysql.cj.jdbc.ConnectionImpl@71499105
2025-04-10T07:06:24.361+02:00  INFO 9576 --- [ShopmeBackend] [restartedMain] com.zaxxer.hikari.HikariDataSource       : HikariPool-4 - Start completed.
2025-04-10T07:06:24.361+02:00  INFO 9576 --- [ShopmeBackend] [restartedMain] o.s.b.a.h2.H2ConsoleAutoConfiguration    : H2 console available at '/h2-console'. Database available at 'jdbc:mysql://localhost:3306/shopme'
2025-04-10T07:06:24.428+02:00  INFO 9576 --- [ShopmeBackend] [restartedMain] o.hibernate.jpa.internal.util.LogHelper  : HHH000204: Processing PersistenceUnitInfo [name: default]
2025-04-10T07:06:24.433+02:00  INFO 9576 --- [ShopmeBackend] [restartedMain] o.h.c.internal.RegionFactoryInitiator    : HHH000026: Second-level cache disabled
2025-04-10T07:06:24.449+02:00  INFO 9576 --- [ShopmeBackend] [restartedMain] o.s.o.j.p.SpringPersistenceUnitInfo      : No LoadTimeWeaver setup: ignoring JPA class transformer
2025-04-10T07:06:24.646+02:00  INFO 9576 --- [ShopmeBackend] [restartedMain] o.h.e.t.j.p.i.JtaPlatformInitiator       : HHH000489: No JTA platform available (set 'hibernate.transaction.jta.platform' to enable JTA platform integration)
2025-04-10T07:06:24.716+02:00  INFO 9576 --- [ShopmeBackend] [restartedMain] j.LocalContainerEntityManagerFactoryBean : Initialized JPA EntityManagerFactory for persistence unit 'default'
2025-04-10T07:06:24.910+02:00  WARN 9576 --- [ShopmeBackend] [restartedMain] JpaBaseConfiguration$JpaWebConfiguration : spring.jpa.open-in-view is enabled by default. Therefore, database queries may be performed during view rendering. Explicitly configure spring.jpa.open-in-view to disable this warning
2025-04-10T07:06:24.923+02:00  INFO 9576 --- [ShopmeBackend] [restartedMain] eAuthenticationProviderManagerConfigurer : Global AuthenticationManager configured with AuthenticationProvider bean with name authenticationProvider
2025-04-10T07:06:24.923+02:00  WARN 9576 --- [ShopmeBackend] [restartedMain] r$InitializeUserDetailsManagerConfigurer : Global AuthenticationManager configured with an AuthenticationProvider bean. UserDetailsService beans will not be used for username/password login. Consider removing the AuthenticationProvider bean. Alternatively, consider using the UserDetailsService in a manually instantiated DaoAuthenticationProvider.
2025-04-10T07:06:24.943+02:00  INFO 9576 --- [ShopmeBackend] [restartedMain] o.s.b.a.w.s.WelcomePageHandlerMapping    : Adding welcome page template: index
2025-04-10T07:06:25.693+02:00  INFO 9576 --- [ShopmeBackend] [restartedMain] o.s.b.d.a.OptionalLiveReloadServer       : LiveReload server is running on port 35729
2025-04-10T07:06:25.739+02:00  INFO 9576 --- [ShopmeBackend] [restartedMain] o.s.b.w.embedded.tomcat.TomcatWebServer  : Tomcat started on port 8080 (http) with context path '/ShopmeAdmin'
2025-04-10T07:06:25.744+02:00  INFO 9576 --- [ShopmeBackend] [restartedMain] c.shopme.admin.ShopmeBackendApplication  : Started ShopmeBackendApplication in 2.413 seconds (process running for 241.013)
2025-04-10T07:06:25.746+02:00  INFO 9576 --- [ShopmeBackend] [restartedMain] .ConditionEvaluationDeltaLoggingListener : Condition evaluation unchanged
2025-04-10T07:06:45.829+02:00  INFO 9576 --- [ShopmeBackend] [http-nio-8080-exec-2] o.a.c.c.C.[.[localhost].[/ShopmeAdmin]   : Initializing Spring DispatcherServlet 'dispatcherServlet'
2025-04-10T07:06:45.829+02:00  INFO 9576 --- [ShopmeBackend] [http-nio-8080-exec-2] o.s.web.servlet.DispatcherServlet        : Initializing Servlet 'dispatcherServlet'
2025-04-10T07:06:45.831+02:00  INFO 9576 --- [ShopmeBackend] [http-nio-8080-exec-2] o.s.web.servlet.DispatcherServlet        : Completed initialization in 2 ms
2025-04-10T07:06:55.890+02:00  INFO 9576 --- [ShopmeBackend] [http-nio-8080-exec-9] com.shopme.admin.utility.FileUploadUtil    : Deleted 5 files
2025-04-10T07:15:15.747+02:00  INFO 9576 --- [ShopmeBackend] [SpringApplicationShutdownHook] j.LocalContainerEntityManagerFactoryBean : Closing JPA EntityManagerFactory for persistence unit 'default'
2025-04-10T07:15:15.776+02:00  INFO 9576 --- [ShopmeBackend] [SpringApplicationShutdownHook] com.zaxxer.hikari.HikariDataSource       : HikariPool-4 - Shutdown initiated...
2025-04-10T07:15:15.844+02:00  INFO 9576 --- [ShopmeBackend] [SpringApplicationShutdownHook] com.zaxxer.hikari.HikariDataSource       : HikariPool-4 - Shutdown completed.
